MPASM  5.47                TPDIGITAL2_1.1.ASM   5-23-2017  21:52:22         PAGE  1


LOC  OBJECT CODE     LINE SOURCE TEXT
  VALUE

Warning[205]: Found directive in column 1. (List)
                      00001 List p = 16f887
Warning[205]: Found directive in column 1. (Include)
                      00002 Include <p16f887.inc>
                      00001         LIST
                      00002 
                      00003 ;==========================================================================
                      00004 ;  MPASM PIC16F887 processor include
                      00005 ; 
                      00006 ;  (c) Copyright 1999-2012 Microchip Technology, All rights reserved
                      00007 ;==========================================================================
                      00008 
                      00809         LIST
                      00003         
  00000020            00004 AUX_K           EQU     0x20    
  00000021            00005 CONT_K          EQU     0x21
  00000022            00006 KEY                     EQU     0x22
  00000023            00007 AUX_INT         EQU     0x23
  00000024            00008 W_AUX           EQU     0x24
  00000025            00009 ST_AUX          EQU     0x25
  00000026            00010 CONT_T          EQU     0x26
  00000027            00011 CONTS_T         EQU     0x27
  00000028            00012 CONT_1          EQU     0x28
  00000029            00013 CONT_2          EQU     0x29
                      00014         
0000                  00015         ORG     0x00
0000   2805           00016         GOTO            INICIO
                      00017 
0004                  00018         ORG     0x04
0004   281C           00019         GOTO            INTRP
                      00020         
                      00021         
0005                  00022 INICIO
0005   2060           00023         CALL            CONF
                      00024         
0006   30F7           00025         MOVLW           0xF7                    ;0   1111 0111 -> COSAS RARAS PASAN,
0007   00A0           00026         MOVWF           AUX_K                   ;DEBERIA ANDAR PERO COMO NO COMENTE NO
                      00027                                                 ;VOY A ENTENDER NADA DESPUES
                      00028 
0008                  00029 LOOP            
0008   0827           00030         MOVF            CONTS_T, 0;             MOSTRAMOS EN DISPLAY
0009   204C           00031         CALL            DISPLAY
000A   0085           00032         MOVWF           PORTA
                      00033 
000B   0820           00034         MOVF            AUX_K, 0                ;YA NO SE “”””DEBERIA”””” ROMPER
000C   0086           00035         MOVWF           PORTB
000D   100B           00036         BCF                     INTCON, 0               ;GUALICHO.START()
000E   158B           00037         BSF                     INTCON, 3
                      00038         
000F   0A21           00039         INCF            CONT_K, 0               ;MAGIA NEGRA
0010   3903           00040         ANDLW           0x03
                      00041         
0011   118B           00042         BCF                     INTCON, 3               ;GUALICHO.END()
MPASM  5.47                TPDIGITAL2_1.1.ASM   5-23-2017  21:52:22         PAGE  2


LOC  OBJECT CODE     LINE SOURCE TEXT
  VALUE

0012   00A1           00043         MOVWF           CONT_K
                      00044         
0013   0DA0           00045         RLF             AUX_K, 1
                      00046         
0014   08A7           00047         MOVF            CONTS_T, 1
0015   1D03           00048         BTFSS           STATUS, Z
0016   2808           00049         GOTO            LOOP
                      00050         
                      00051         ;ENVIO A RB
                      00052 
0017   0805           00053         MOVF            PORTA, 0
0018   1785           00054         BSF                     PORTA, 7
0019   2057           00055         CALL            RETARDO
001A   1385           00056         BCF                     PORTA, 7
001B   2808           00057         GOTO            LOOP
                      00058 
001C                  00059 INTRP
001C   203A           00060         CALL            SAVE_ENV
                      00061         
001D   180B           00062         BTFSC           INTCON, 0
001E   2023           00063         CALL            TECLA
                      00064 
001F   190B           00065         BTFSC           INTCON, 2
0020   2043           00066         CALL            TIMER
                      00067         
0021   203E           00068         CALL            LOAD_ENV
                      00069         
0022   0009           00070         RETFIE
                      00071         
                      00072 
0023                  00073 TECLA
0023   2057           00074         CALL            RETARDO
                      00075 
0024   1283 1303      00076         BANKSEL         PORTB
0026   0821           00077         MOVF            CONT_K, 0
                      00078         
0027   1E06           00079         BTFSS           PORTB, 4
0028   00A2           00080         MOVWF           KEY
                      00081         
0029   3E03           00082         ADDLW           0x03
002A   1E86           00083         BTFSS           PORTB, 5
002B   00A2           00084         MOVWF           KEY
                      00085         
002C   3E03           00086         ADDLW           0x03
002D   1F06           00087         BTFSS           PORTB, 6
002E   00A2           00088         MOVWF           KEY
                      00089         
002F   3E03           00090         ADDLW           0x03
0030   1F86           00091         BTFSS           PORTB, 7
0031   00A2           00092         MOVWF           KEY
                      00093         
0032   100B           00094         BCF                     INTCON, RBIF
                      00095 
MPASM  5.47                TPDIGITAL2_1.1.ASM   5-23-2017  21:52:22         PAGE  3


LOC  OBJECT CODE     LINE SOURCE TEXT
  VALUE

0033   303E           00096         MOVLW           .62                     ;HABILITAMOS EL TIMER0
0034   0081           00097         MOVWF           TMR0
0035   110B           00098         BCF                     INTCON, 2
0036   168B           00099         BSF                     INTCON, 5
                      00100         
0037   0822           00101         MOVF            KEY, 0;         PONEMOS EL VALOR DE KEY EN CONT_S
0038   00A7           00102         MOVWF           CONTS_T
                      00103 
0039   0008           00104         RETURN
                      00105         
                      00106         
003A                  00107 SAVE_ENV
003A   00A4           00108         MOVWF           W_AUX
003B   0E03           00109         SWAPF           STATUS, 0
003C   00A5           00110         MOVWF           ST_AUX
                      00111         
003D   0008           00112         RETURN
                      00113         
                      00114 
003E                  00115 LOAD_ENV
003E   0E25           00116         SWAPF           ST_AUX, 0
003F   0083           00117         MOVWF           STATUS
0040   0EA4           00118         SWAPF           W_AUX, 1
0041   0E24           00119         SWAPF           W_AUX, 0
                      00120         
0042   0008           00121         RETURN
                      00122 
                      00123 
0043                  00124 TIMER
0043   110B           00125         BCF                     INTCON,2;       BAJAR BANDERA DE INTERRUPCIONES DE TMR0         
0044   303E           00126         MOVLW           .62;            VALOR A ASIGNAR DEL TMR0 PARA 50MS
0045   0081           00127         MOVWF           TMR0;           MOVER AL REG TMR0
0046   0BA6           00128         DECFSZ          CONT_T,1;
0047   0008           00129         RETURN
                      00130 
0048   3014           00131         MOVLW           0x14;           PONER CONT EN 20
0049   00A6           00132         MOVWF           CONT_T;
004A   0BA7           00133         DECFSZ          CONTS_T,1;
004B   0008           00134         RETURN
                      00135 
004C                  00136 DISPLAY
004C   0782           00137         ADDWF           PCL,1
004D   347E           00138         RETLW           0x7E;           b’0111 1110’ CERO
004E   3430           00139         RETLW           0x30;           b’0011 0000’ UNO
004F   346D           00140         RETLW           0x6D;           b’0110 1101’ DOS        
0050   3479           00141         RETLW           0x79;           b’0111 1001’ TRES       
0051   3433           00142         RETLW           0x33;           b’0011 0011’ CUATRO
0052   345B           00143         RETLW           0x5B;           b’0101 1011’ CINCO
0053   345F           00144         RETLW           0x5F;           b’0101 1111’ SEIS       
0054   3470           00145         RETLW           0x70;           b’0111 0000’ SIETE
0055   347F           00146         RETLW           0x7F;           b’0111 1111’ OCHO
0056   347B           00147         RETLW           0x7B;           b’0111 1011’ NUEVE
                      00148 
MPASM  5.47                TPDIGITAL2_1.1.ASM   5-23-2017  21:52:22         PAGE  4


LOC  OBJECT CODE     LINE SOURCE TEXT
  VALUE

                      00149 
0057                  00150 RETARDO
                      00151         
0057   3004           00152         MOVLW           0x04
0058   00A9           00153         MOVWF           CONT_2
0059                  00154 LOOP2   
0059   30FF           00155         MOVLW           0xFF
005A   00A8           00156         MOVWF           CONT_1
005B                  00157 LOOP1   
005B   0BA8           00158         DECFSZ          CONT_1, 1
005C   285B           00159         GOTO            LOOP1
005D   0BA9           00160         DECFSZ          CONT_2, 1
005E   2859           00161         GOTO            LOOP2
005F   0008           00162         RETURN
                      00163         
0060                  00164 CONF
0060   1683 1303      00165         BANKSEL         OPTION_REG
0062   3007           00166         MOVLW           0x07
Message[302]: Register in operand not in bank 0.  Ensure that bank bits are correct.
0063   0081           00167         MOVWF           OPTION_REG
                      00168         
0064   1683 1303      00169         BANKSEL         WPUB
0066   30F0           00170         MOVLW           0xF0
Message[302]: Register in operand not in bank 0.  Ensure that bank bits are correct.
0067   0095           00171         MOVWF           WPUB
                      00172         
0068   1283 1303      00173         BANKSEL         INTCON;         CAMBIAR ESTO PARA TMR0
006A   3008           00174         MOVLW           0x08
006B   008B           00175         MOVWF           INTCON
                      00176         
006C   1683 1303      00177         BANKSEL         IOCB
006E   30F0           00178         MOVLW           0xF0
Message[302]: Register in operand not in bank 0.  Ensure that bank bits are correct.
006F   0096           00179         MOVWF           IOCB
                      00180         
0070   1683 1703      00181         BANKSEL         ANSEL
Message[302]: Register in operand not in bank 0.  Ensure that bank bits are correct.
0072   0188           00182         CLRF            ANSEL
Message[302]: Register in operand not in bank 0.  Ensure that bank bits are correct.
0073   0189           00183         CLRF            ANSELH
                      00184         
0074   1283 1303      00185         BANKSEL         PORTB
0076   0186           00186         CLRF            PORTB
                      00187         
0077   1683 1303      00188         BANKSEL         TRISB
0079   30F0           00189         MOVLW           0xF0
Message[302]: Register in operand not in bank 0.  Ensure that bank bits are correct.
007A   0086           00190         MOVWF           TRISB
                      00191 
007B   1283 1303      00192         BANKSEL         PORTA
007D   0185           00193         CLRF            PORTA
                      00194 
007E   1683 1303      00195         BANKSEL         TRISA
MPASM  5.47                TPDIGITAL2_1.1.ASM   5-23-2017  21:52:22         PAGE  5


LOC  OBJECT CODE     LINE SOURCE TEXT
  VALUE

Message[302]: Register in operand not in bank 0.  Ensure that bank bits are correct.
0080   0185           00196         CLRF            TRISA;                          TODAS SALIDAS
                      00197         
0081   1303           00198         BCF                     STATUS, RP1
0082   1283           00199         BCF                     STATUS, RP0
                      00200         
0083   0008           00201         RETURN
                      00202         
                      00203         
                      00204         END
MPASM  5.47                TPDIGITAL2_1.1.ASM   5-23-2017  21:52:22         PAGE  6


SYMBOL TABLE
  LABEL                             VALUE 

ABDEN                             00000000
ABDOVF                            00000007
ACKDT                             00000005
ACKEN                             00000004
ACKSTAT                           00000006
ADCON0                            0000001F
ADCON1                            0000009F
ADCS0                             00000006
ADCS1                             00000007
ADDEN                             00000003
ADFM                              00000007
ADIE                              00000006
ADIF                              00000006
ADON                              00000000
ADRESH                            0000001E
ADRESL                            0000009E
ANS0                              00000000
ANS1                              00000001
ANS10                             00000002
ANS11                             00000003
ANS12                             00000004
ANS13                             00000005
ANS2                              00000002
ANS3                              00000003
ANS4                              00000004
ANS5                              00000005
ANS6                              00000006
ANS7                              00000007
ANS8                              00000000
ANS9                              00000001
ANSEL                             00000188
ANSELH                            00000189
AUX_INT                           00000023
AUX_K                             00000020
BAUDCTL                           00000187
BCLIE                             00000003
BCLIF                             00000003
BF                                00000000
BRG0                              00000000
BRG1                              00000001
BRG10                             00000002
BRG11                             00000003
BRG12                             00000004
BRG13                             00000005
BRG14                             00000006
BRG15                             00000007
BRG16                             00000003
BRG2                              00000002
BRG3                              00000003
BRG4                              00000004
BRG5                              00000005
BRG6                              00000006
BRG7                              00000007
MPASM  5.47                TPDIGITAL2_1.1.ASM   5-23-2017  21:52:22         PAGE  7


SYMBOL TABLE
  LABEL                             VALUE 

BRG8                              00000000
BRG9                              00000001
BRGH                              00000002
C                                 00000000
C1CH0                             00000000
C1CH1                             00000001
C1IE                              00000005
C1IF                              00000005
C1OE                              00000005
C1ON                              00000007
C1OUT                             00000006
C1POL                             00000004
C1R                               00000002
C1RSEL                            00000005
C1SEN                             00000005
C2CH0                             00000000
C2CH1                             00000001
C2IE                              00000006
C2IF                              00000006
C2OE                              00000005
C2ON                              00000007
C2OUT                             00000006
C2POL                             00000004
C2R                               00000002
C2REN                             00000004
C2RSEL                            00000004
C2SYNC                            00000000
CCP1CON                           00000017
CCP1IE                            00000002
CCP1IF                            00000002
CCP1M0                            00000000
CCP1M1                            00000001
CCP1M2                            00000002
CCP1M3                            00000003
CCP1X                             00000005
CCP1Y                             00000004
CCP2CON                           0000001D
CCP2IE                            00000000
CCP2IF                            00000000
CCP2M0                            00000000
CCP2M1                            00000001
CCP2M2                            00000002
CCP2M3                            00000003
CCP2X                             00000005
CCP2Y                             00000004
CCPR1                             00000015
CCPR1H                            00000016
CCPR1L                            00000015
CCPR2                             0000001B
CCPR2H                            0000001C
CCPR2L                            0000001B
CHS0                              00000002
CHS1                              00000003
MPASM  5.47                TPDIGITAL2_1.1.ASM   5-23-2017  21:52:22         PAGE  8


SYMBOL TABLE
  LABEL                             VALUE 

CHS2                              00000004
CHS3                              00000005
CKE                               00000006
CKP                               00000004
CM1CON0                           00000107
CM2CON0                           00000108
CM2CON1                           00000109
CONF                              00000060
CONTS_T                           00000027
CONT_1                            00000028
CONT_2                            00000029
CONT_K                            00000021
CONT_T                            00000026
CREN                              00000004
CSRC                              00000007
D                                 00000005
DATA_ADDRESS                      00000005
DC                                00000001
DC1B0                             00000004
DC1B1                             00000005
DC2B0                             00000004
DC2B1                             00000005
DISPLAY                           0000004C
D_A                               00000005
D_NOT_A                           00000005
ECCPAS                            0000009C
ECCPAS0                           00000004
ECCPAS1                           00000005
ECCPAS2                           00000006
ECCPASE                           00000007
EEADR                             0000010D
EEADRH                            0000010F
EECON1                            0000018C
EECON2                            0000018D
EEDAT                             0000010C
EEDATA                            0000010C
EEDATH                            0000010E
EEIE                              00000004
EEIF                              00000004
EEPGD                             00000007
F                                 00000001
FERR                              00000002
FSR                               00000004
FVREN                             00000000
GCEN                              00000007
GIE                               00000007
GO                                00000001
GO_DONE                           00000001
GO_NOT_DONE                       00000001
HTS                               00000002
I2C_DATA                          00000005
I2C_READ                          00000002
I2C_START                         00000003
MPASM  5.47                TPDIGITAL2_1.1.ASM   5-23-2017  21:52:22         PAGE  9


SYMBOL TABLE
  LABEL                             VALUE 

I2C_STOP                          00000004
INDF                              00000000
INICIO                            00000005
INTCON                            0000000B
INTE                              00000004
INTEDG                            00000006
INTF                              00000001
INTRP                             0000001C
IOCB                              00000096
IOCB0                             00000000
IOCB1                             00000001
IOCB2                             00000002
IOCB3                             00000003
IOCB4                             00000004
IOCB5                             00000005
IOCB6                             00000006
IOCB7                             00000007
IRCF0                             00000004
IRCF1                             00000005
IRCF2                             00000006
IRP                               00000007
KEY                               00000022
LOAD_ENV                          0000003E
LOOP                              00000008
LOOP1                             0000005B
LOOP2                             00000059
LTS                               00000001
MC1OUT                            00000007
MC2OUT                            00000006
MSK                               00000093
MSK0                              00000000
MSK1                              00000001
MSK2                              00000002
MSK3                              00000003
MSK4                              00000004
MSK5                              00000005
MSK6                              00000006
MSK7                              00000007
NOT_A                             00000005
NOT_ADDRESS                       00000005
NOT_BO                            00000000
NOT_BOR                           00000000
NOT_DONE                          00000001
NOT_PD                            00000003
NOT_POR                           00000001
NOT_RBPU                          00000007
NOT_RC8                           00000006
NOT_T1SYNC                        00000002
NOT_TO                            00000004
NOT_TX8                           00000006
NOT_W                             00000002
NOT_WRITE                         00000002
OERR                              00000001
MPASM  5.47                TPDIGITAL2_1.1.ASM   5-23-2017  21:52:22         PAGE 10


SYMBOL TABLE
  LABEL                             VALUE 

OPTION_REG                        00000081
OSCCON                            0000008F
OSCTUNE                           00000090
OSFIE                             00000007
OSFIF                             00000007
OSTS                              00000003
P                                 00000004
P1M0                              00000006
P1M1                              00000007
PCL                               00000002
PCLATH                            0000000A
PCON                              0000008E
PDC0                              00000000
PDC1                              00000001
PDC2                              00000002
PDC3                              00000003
PDC4                              00000004
PDC5                              00000005
PDC6                              00000006
PEIE                              00000006
PEN                               00000002
PIE1                              0000008C
PIE2                              0000008D
PIR1                              0000000C
PIR2                              0000000D
PORTA                             00000005
PORTB                             00000006
PORTC                             00000007
PORTD                             00000008
PORTE                             00000009
PR2                               00000092
PRSEN                             00000007
PS0                               00000000
PS1                               00000001
PS2                               00000002
PSA                               00000003
PSSAC0                            00000002
PSSAC1                            00000003
PSSBD0                            00000000
PSSBD1                            00000001
PSTRCON                           0000009D
PULSR                             00000002
PULSS                             00000003
PWM1CON                           0000009B
R                                 00000002
RA0                               00000000
RA1                               00000001
RA2                               00000002
RA3                               00000003
RA4                               00000004
RA5                               00000005
RA6                               00000006
RA7                               00000007
MPASM  5.47                TPDIGITAL2_1.1.ASM   5-23-2017  21:52:22         PAGE 11


SYMBOL TABLE
  LABEL                             VALUE 

RB0                               00000000
RB1                               00000001
RB2                               00000002
RB3                               00000003
RB4                               00000004
RB5                               00000005
RB6                               00000006
RB7                               00000007
RBIE                              00000003
RBIF                              00000000
RC0                               00000000
RC1                               00000001
RC2                               00000002
RC3                               00000003
RC4                               00000004
RC5                               00000005
RC6                               00000006
RC7                               00000007
RC8_9                             00000006
RC9                               00000006
RCD8                              00000000
RCEN                              00000003
RCIDL                             00000006
RCIE                              00000005
RCIF                              00000005
RCREG                             0000001A
RCSTA                             00000018
RD                                00000000
RD0                               00000000
RD1                               00000001
RD2                               00000002
RD3                               00000003
RD4                               00000004
RD5                               00000005
RD6                               00000006
RD7                               00000007
RE0                               00000000
RE1                               00000001
RE2                               00000002
RE3                               00000003
READ_WRITE                        00000002
RETARDO                           00000057
RP0                               00000005
RP1                               00000006
RSEN                              00000001
RX9                               00000006
RX9D                              00000000
R_NOT_W                           00000002
R_W                               00000002
S                                 00000003
SAVE_ENV                          0000003A
SBOREN                            00000004
SCKP                              00000004
MPASM  5.47                TPDIGITAL2_1.1.ASM   5-23-2017  21:52:22         PAGE 12


SYMBOL TABLE
  LABEL                             VALUE 

SCS                               00000000
SEN                               00000000
SENDB                             00000003
SMP                               00000007
SPBRG                             00000099
SPBRGH                            0000009A
SPEN                              00000007
SR0                               00000006
SR1                               00000007
SRCON                             00000185
SREN                              00000005
SSPADD                            00000093
SSPBUF                            00000013
SSPCON                            00000014
SSPCON2                           00000091
SSPEN                             00000005
SSPIE                             00000003
SSPIF                             00000003
SSPM0                             00000000
SSPM1                             00000001
SSPM2                             00000002
SSPM3                             00000003
SSPMSK                            00000093
SSPOV                             00000006
SSPSTAT                           00000094
STATUS                            00000003
STRA                              00000000
STRB                              00000001
STRC                              00000002
STRD                              00000003
STRSYNC                           00000004
ST_AUX                            00000025
SWDTEN                            00000000
SYNC                              00000004
T0CS                              00000005
T0IE                              00000005
T0IF                              00000002
T0SE                              00000004
T1CKPS0                           00000004
T1CKPS1                           00000005
T1CON                             00000010
T1GINV                            00000007
T1GIV                             00000007
T1GSS                             00000001
T1INSYNC                          00000002
T1OSCEN                           00000003
T1SYNC                            00000002
T2CKPS0                           00000000
T2CKPS1                           00000001
T2CON                             00000012
TECLA                             00000023
TIMER                             00000043
TMR0                              00000001
MPASM  5.47                TPDIGITAL2_1.1.ASM   5-23-2017  21:52:22         PAGE 13


SYMBOL TABLE
  LABEL                             VALUE 

TMR0IE                            00000005
TMR0IF                            00000002
TMR1                              0000000E
TMR1CS                            00000001
TMR1GE                            00000006
TMR1H                             0000000F
TMR1IE                            00000000
TMR1IF                            00000000
TMR1L                             0000000E
TMR1ON                            00000000
TMR2                              00000011
TMR2IE                            00000001
TMR2IF                            00000001
TMR2ON                            00000002
TOUTPS0                           00000003
TOUTPS1                           00000004
TOUTPS2                           00000005
TOUTPS3                           00000006
TRISA                             00000085
TRISA0                            00000000
TRISA1                            00000001
TRISA2                            00000002
TRISA3                            00000003
TRISA4                            00000004
TRISA5                            00000005
TRISA6                            00000006
TRISA7                            00000007
TRISB                             00000086
TRISB0                            00000000
TRISB1                            00000001
TRISB2                            00000002
TRISB3                            00000003
TRISB4                            00000004
TRISB5                            00000005
TRISB6                            00000006
TRISB7                            00000007
TRISC                             00000087
TRISC0                            00000000
TRISC1                            00000001
TRISC2                            00000002
TRISC3                            00000003
TRISC4                            00000004
TRISC5                            00000005
TRISC6                            00000006
TRISC7                            00000007
TRISD                             00000088
TRISD0                            00000000
TRISD1                            00000001
TRISD2                            00000002
TRISD3                            00000003
TRISD4                            00000004
TRISD5                            00000005
TRISD6                            00000006
MPASM  5.47                TPDIGITAL2_1.1.ASM   5-23-2017  21:52:22         PAGE 14


SYMBOL TABLE
  LABEL                             VALUE 

TRISD7                            00000007
TRISE                             00000089
TRISE0                            00000000
TRISE1                            00000001
TRISE2                            00000002
TRISE3                            00000003
TRMT                              00000001
TUN0                              00000000
TUN1                              00000001
TUN2                              00000002
TUN3                              00000003
TUN4                              00000004
TX8_9                             00000006
TX9                               00000006
TX9D                              00000000
TXD8                              00000000
TXEN                              00000005
TXIE                              00000004
TXIF                              00000004
TXREG                             00000019
TXSTA                             00000098
UA                                00000001
ULPWUE                            00000005
ULPWUIE                           00000002
ULPWUIF                           00000002
VCFG0                             00000004
VCFG1                             00000005
VR0                               00000000
VR1                               00000001
VR2                               00000002
VR3                               00000003
VRCON                             00000097
VREN                              00000007
VROE                              00000006
VRR                               00000005
VRSS                              00000004
W                                 00000000
WCOL                              00000007
WDTCON                            00000105
WDTPS0                            00000001
WDTPS1                            00000002
WDTPS2                            00000003
WDTPS3                            00000004
WPUB                              00000095
WPUB0                             00000000
WPUB1                             00000001
WPUB2                             00000002
WPUB3                             00000003
WPUB4                             00000004
WPUB5                             00000005
WPUB6                             00000006
WPUB7                             00000007
WR                                00000001
MPASM  5.47                TPDIGITAL2_1.1.ASM   5-23-2017  21:52:22         PAGE 15


SYMBOL TABLE
  LABEL                             VALUE 

WREN                              00000002
WRERR                             00000003
WUE                               00000001
W_AUX                             00000024
Z                                 00000002
_BOR21V                           00003EFF
_BOR40V                           00003FFF
_BOR4V_BOR21V                     00003EFF
_BOR4V_BOR40V                     00003FFF
_BOREN_NSLEEP                     00003EFF
_BOREN_OFF                        00003CFF
_BOREN_ON                         00003FFF
_BOREN_SBODEN                     00003DFF
_BOR_NSLEEP                       00003EFF
_BOR_OFF                          00003CFF
_BOR_ON                           00003FFF
_BOR_SBODEN                       00003DFF
_CONFIG1                          00002007
_CONFIG2                          00002008
_CPD_OFF                          00003FFF
_CPD_ON                           00003F7F
_CP_OFF                           00003FFF
_CP_ON                            00003FBF
_DEBUG_OFF                        00003FFF
_DEBUG_ON                         00001FFF
_DEVID1                           00002006
_EC_OSC                           00003FFB
_EXTRC                            00003FFF
_EXTRCIO                          00003FFE
_EXTRC_OSC_CLKOUT                 00003FFF
_EXTRC_OSC_NOCLKOUT               00003FFE
_FCMEN_OFF                        000037FF
_FCMEN_ON                         00003FFF
_FOSC_EC                          00003FFB
_FOSC_EXTRC_CLKOUT                00003FFF
_FOSC_EXTRC_NOCLKOUT              00003FFE
_FOSC_HS                          00003FFA
_FOSC_INTRC_CLKOUT                00003FFD
_FOSC_INTRC_NOCLKOUT              00003FFC
_FOSC_LP                          00003FF8
_FOSC_XT                          00003FF9
_HS_OSC                           00003FFA
_IDLOC0                           00002000
_IDLOC1                           00002001
_IDLOC2                           00002002
_IDLOC3                           00002003
_IESO_OFF                         00003BFF
_IESO_ON                          00003FFF
_INTOSC                           00003FFD
_INTOSCIO                         00003FFC
_INTRC_OSC_CLKOUT                 00003FFD
_INTRC_OSC_NOCLKOUT               00003FFC
_LP_OSC                           00003FF8
MPASM  5.47                TPDIGITAL2_1.1.ASM   5-23-2017  21:52:22         PAGE 16


SYMBOL TABLE
  LABEL                             VALUE 

_LVP_OFF                          00002FFF
_LVP_ON                           00003FFF
_MCLRE_OFF                        00003FDF
_MCLRE_ON                         00003FFF
_PWRTE_OFF                        00003FFF
_PWRTE_ON                         00003FEF
_WDTE_OFF                         00003FF7
_WDTE_ON                          00003FFF
_WDT_OFF                          00003FF7
_WDT_ON                           00003FFF
_WRT_1FOURTH                      00003BFF
_WRT_256                          00003DFF
_WRT_HALF                         000039FF
_WRT_OFF                          00003FFF
_XT_OSC                           00003FF9
__16F887                          00000001


MEMORY USAGE MAP ('X' = Used,  '-' = Unused)

0000 : X---XXXXXXXXXXXX XXXXXXXXXXXXXXXX XXXXXXXXXXXXXXXX XXXXXXXXXXXXXXXX
0040 : XXXXXXXXXXXXXXXX XXXXXXXXXXXXXXXX XXXXXXXXXXXXXXXX XXXXXXXXXXXXXXXX
0080 : XXXX------------ ---------------- ---------------- ----------------

All other memory blocks unused.

Program Memory Words Used:   129
Program Memory Words Free:  8063


Errors   :     0
Warnings :     2 reported,     0 suppressed
Messages :     7 reported,     0 suppressed

